The system is: Linux - 4.4.0-142-generic - x86_64
Compiling the C compiler identification source file "CMakeCCompilerId.c" succeeded.
Compiler: /home/e91/anaconda3/envs/test_petsc/bin/x86_64-conda_cos6-linux-gnu-cc 
Build flags: -march=nocona;-mtune=haswell;-ftree-vectorize;-fPIC;-fstack-protector-strong;-fno-plt;-O2;-ffunction-sections;-pipe;-isystem;/home/e91/anaconda3/envs/test_petsc/include
Id flags: 

The output was:
0


Compilation of the C compiler identification source "CMakeCCompilerId.c" produced "a.out"

The C compiler identification is GNU, found in "/home/e91/vcs/PPMICode/build/CMakeFiles/3.5.1/CompilerIdC/a.out"

Compiling the CXX compiler identification source file "CMakeCXXCompilerId.cpp" succeeded.
Compiler: /home/e91/anaconda3/envs/test_petsc/bin/x86_64-conda_cos6-linux-gnu-c++ 
Build flags: -fvisibility-inlines-hidden;-std=c++17;-fmessage-length=0;-march=nocona;-mtune=haswell;-ftree-vectorize;-fPIC;-fstack-protector-strong;-fno-plt;-O2;-ffunction-sections;-pipe;-isystem;/home/e91/anaconda3/envs/test_petsc/include
Id flags: 

The output was:
0


Compilation of the CXX compiler identification source "CMakeCXXCompilerId.cpp" produced "a.out"

The CXX compiler identification is GNU, found in "/home/e91/vcs/PPMICode/build/CMakeFiles/3.5.1/CompilerIdCXX/a.out"

Determining if the C compiler works passed with the following output:
Change Dir: /home/e91/vcs/PPMICode/build/CMakeFiles/CMakeTmp

Run Build Command:"/usr/bin/make" "cmTC_8a61d/fast"
/usr/bin/make -f CMakeFiles/cmTC_8a61d.dir/build.make CMakeFiles/cmTC_8a61d.dir/build
make[1]: Entering directory '/home/e91/vcs/PPMICode/build/CMakeFiles/CMakeTmp'
Building C object CMakeFiles/cmTC_8a61d.dir/testCCompiler.c.o
/home/e91/anaconda3/envs/test_petsc/bin/x86_64-conda_cos6-linux-gnu-cc    -march=nocona -mtune=haswell -ftree-vectorize -fPIC -fstack-protector-strong -fno-plt -O2 -ffunction-sections -pipe -isystem /home/e91/anaconda3/envs/test_petsc/include     -o CMakeFiles/cmTC_8a61d.dir/testCCompiler.c.o   -c /home/e91/vcs/PPMICode/build/CMakeFiles/CMakeTmp/testCCompiler.c
Linking C executable cmTC_8a61d
/usr/bin/cmake -E cmake_link_script CMakeFiles/cmTC_8a61d.dir/link.txt --verbose=1
/home/e91/anaconda3/envs/test_petsc/bin/x86_64-conda_cos6-linux-gnu-cc  -march=nocona -mtune=haswell -ftree-vectorize -fPIC -fstack-protector-strong -fno-plt -O2 -ffunction-sections -pipe -isystem /home/e91/anaconda3/envs/test_petsc/include     -Wl,-O2 -Wl,--sort-common -Wl,--as-needed -Wl,-z,relro -Wl,-z,now -Wl,--disable-new-dtags -Wl,--gc-sections -Wl,-rpath,/home/e91/anaconda3/envs/test_petsc/lib -Wl,-rpath-link,/home/e91/anaconda3/envs/test_petsc/lib -L/home/e91/anaconda3/envs/test_petsc/lib  CMakeFiles/cmTC_8a61d.dir/testCCompiler.c.o  -o cmTC_8a61d 
make[1]: Leaving directory '/home/e91/vcs/PPMICode/build/CMakeFiles/CMakeTmp'


Detecting C compiler ABI info compiled with the following output:
Change Dir: /home/e91/vcs/PPMICode/build/CMakeFiles/CMakeTmp

Run Build Command:"/usr/bin/make" "cmTC_06484/fast"
/usr/bin/make -f CMakeFiles/cmTC_06484.dir/build.make CMakeFiles/cmTC_06484.dir/build
make[1]: Entering directory '/home/e91/vcs/PPMICode/build/CMakeFiles/CMakeTmp'
Building C object CMakeFiles/cmTC_06484.dir/CMakeCCompilerABI.c.o
/home/e91/anaconda3/envs/test_petsc/bin/x86_64-conda_cos6-linux-gnu-cc    -march=nocona -mtune=haswell -ftree-vectorize -fPIC -fstack-protector-strong -fno-plt -O2 -ffunction-sections -pipe -isystem /home/e91/anaconda3/envs/test_petsc/include     -o CMakeFiles/cmTC_06484.dir/CMakeCCompilerABI.c.o   -c /usr/share/cmake-3.5/Modules/CMakeCCompilerABI.c
Linking C executable cmTC_06484
/usr/bin/cmake -E cmake_link_script CMakeFiles/cmTC_06484.dir/link.txt --verbose=1
/home/e91/anaconda3/envs/test_petsc/bin/x86_64-conda_cos6-linux-gnu-cc  -march=nocona -mtune=haswell -ftree-vectorize -fPIC -fstack-protector-strong -fno-plt -O2 -ffunction-sections -pipe -isystem /home/e91/anaconda3/envs/test_petsc/include     -Wl,-O2 -Wl,--sort-common -Wl,--as-needed -Wl,-z,relro -Wl,-z,now -Wl,--disable-new-dtags -Wl,--gc-sections -Wl,-rpath,/home/e91/anaconda3/envs/test_petsc/lib -Wl,-rpath-link,/home/e91/anaconda3/envs/test_petsc/lib -L/home/e91/anaconda3/envs/test_petsc/lib -v CMakeFiles/cmTC_06484.dir/CMakeCCompilerABI.c.o  -o cmTC_06484  
Reading specs from /home/e91/anaconda3/envs/test_petsc/bin/../lib/gcc/x86_64-conda_cos6-linux-gnu/7.3.0/specs
COLLECT_GCC=/home/e91/anaconda3/envs/test_petsc/bin/x86_64-conda_cos6-linux-gnu-cc
COLLECT_LTO_WRAPPER=/home/e91/anaconda3/envs/test_petsc/bin/../libexec/gcc/x86_64-conda_cos6-linux-gnu/7.3.0/lto-wrapper
Target: x86_64-conda_cos6-linux-gnu
Configured with: /home/rdonnelly/mc/conda-bld/compilers_linux-64_1534865402226/work/.build/x86_64-conda_cos6-linux-gnu/src/gcc/configure --build=x86_64-build_pc-linux-gnu --host=x86_64-build_pc-linux-gnu --target=x86_64-conda_cos6-linux-gnu --prefix=/home/rdonnelly/mc/conda-bld/compilers_linux-64_1534865402226/work/gcc_built --with-sysroot=/home/rdonnelly/mc/conda-bld/compilers_linux-64_1534865402226/work/gcc_built/x86_64-conda_cos6-linux-gnu/sysroot --enable-languages=c,c++,fortran,objc,obj-c++ --with-pkgversion='crosstool-NG 1.23.0.449-a04d0' --enable-__cxa_atexit --disable-libmudflap --enable-libgomp --disable-libssp --enable-libquadmath --enable-libquadmath-support --enable-libsanitizer --enable-libmpx --with-gmp=/home/rdonnelly/mc/conda-bld/compilers_linux-64_1534865402226/work/.build/x86_64-conda_cos6-linux-gnu/buildtools --with-mpfr=/home/rdonnelly/mc/conda-bld/compilers_linux-64_1534865402226/work/.build/x86_64-conda_cos6-linux-gnu/buildtools --with-mpc=/home/rdonnelly/mc/conda-bld/compilers_linux-64_1534865402226/work/.build/x86_64-conda_cos6-linux-gnu/buildtools --with-isl=/home/rdonnelly/mc/conda-bld/compilers_linux-64_1534865402226/work/.build/x86_64-conda_cos6-linux-gnu/buildtools --enable-lto --enable-threads=posix --enable-target-optspace --enable-plugin --enable-gold --disable-nls --disable-multilib --with-local-prefix=/home/rdonnelly/mc/conda-bld/compilers_linux-64_1534865402226/work/gcc_built/x86_64-conda_cos6-linux-gnu/sysroot --enable-long-long --enable-default-pie
Thread model: posix
gcc version 7.3.0 (crosstool-NG 1.23.0.449-a04d0) 
COMPILER_PATH=/home/e91/anaconda3/envs/test_petsc/bin/../libexec/gcc/x86_64-conda_cos6-linux-gnu/7.3.0/:/home/e91/anaconda3/envs/test_petsc/bin/../libexec/gcc/:/home/e91/anaconda3/envs/test_petsc/bin/../lib/gcc/x86_64-conda_cos6-linux-gnu/7.3.0/../../../../x86_64-conda_cos6-linux-gnu/bin/
LIBRARY_PATH=/home/e91/anaconda3/envs/test_petsc/bin/../lib/gcc/x86_64-conda_cos6-linux-gnu/7.3.0/:/home/e91/anaconda3/envs/test_petsc/bin/../lib/gcc/:/home/e91/anaconda3/envs/test_petsc/bin/../lib/gcc/x86_64-conda_cos6-linux-gnu/7.3.0/../../../../x86_64-conda_cos6-linux-gnu/lib/../lib/:/home/e91/anaconda3/envs/test_petsc/bin/../x86_64-conda_cos6-linux-gnu/sysroot/lib/../lib/:/home/e91/anaconda3/envs/test_petsc/bin/../x86_64-conda_cos6-linux-gnu/sysroot/usr/lib/../lib/:/home/e91/anaconda3/envs/test_petsc/bin/../lib/gcc/x86_64-conda_cos6-linux-gnu/7.3.0/../../../../x86_64-conda_cos6-linux-gnu/lib/:/home/e91/anaconda3/envs/test_petsc/bin/../x86_64-conda_cos6-linux-gnu/sysroot/lib/:/home/e91/anaconda3/envs/test_petsc/bin/../x86_64-conda_cos6-linux-gnu/sysroot/usr/lib/
COLLECT_GCC_OPTIONS='-march=nocona' '-mtune=haswell' '-ftree-vectorize' '-fPIC' '-fstack-protector-strong' '-fno-plt' '-O2' '-ffunction-sections' '-pipe' '-isystem' '/home/e91/anaconda3/envs/test_petsc/include' '-L/home/e91/anaconda3/envs/test_petsc/lib' '-v' '-o' 'cmTC_06484'
 /home/e91/anaconda3/envs/test_petsc/bin/../libexec/gcc/x86_64-conda_cos6-linux-gnu/7.3.0/collect2 -plugin /home/e91/anaconda3/envs/test_petsc/bin/../libexec/gcc/x86_64-conda_cos6-linux-gnu/7.3.0/liblto_plugin.so -plugin-opt=/home/e91/anaconda3/envs/test_petsc/bin/../libexec/gcc/x86_64-conda_cos6-linux-gnu/7.3.0/lto-wrapper -plugin-opt=-fresolution=/tmp/ccjJRZWH.res -plugin-opt=-pass-through=-lgcc -plugin-opt=-pass-through=-lgcc_s -plugin-opt=-pass-through=-lc -plugin-opt=-pass-through=-lgcc -plugin-opt=-pass-through=-lgcc_s --sysroot=/home/e91/anaconda3/envs/test_petsc/bin/../x86_64-conda_cos6-linux-gnu/sysroot --eh-frame-hdr -m elf_x86_64 -dynamic-linker /lib64/ld-linux-x86-64.so.2 -pie -o cmTC_06484 /home/e91/anaconda3/envs/test_petsc/bin/../x86_64-conda_cos6-linux-gnu/sysroot/usr/lib/../lib/Scrt1.o /home/e91/anaconda3/envs/test_petsc/bin/../x86_64-conda_cos6-linux-gnu/sysroot/usr/lib/../lib/crti.o /home/e91/anaconda3/envs/test_petsc/bin/../lib/gcc/x86_64-conda_cos6-linux-gnu/7.3.0/crtbeginS.o -L/home/e91/anaconda3/envs/test_petsc/lib -L/home/e91/anaconda3/envs/test_petsc/bin/../lib/gcc/x86_64-conda_cos6-linux-gnu/7.3.0 -L/home/e91/anaconda3/envs/test_petsc/bin/../lib/gcc -L/home/e91/anaconda3/envs/test_petsc/bin/../lib/gcc/x86_64-conda_cos6-linux-gnu/7.3.0/../../../../x86_64-conda_cos6-linux-gnu/lib/../lib -L/home/e91/anaconda3/envs/test_petsc/bin/../x86_64-conda_cos6-linux-gnu/sysroot/lib/../lib -L/home/e91/anaconda3/envs/test_petsc/bin/../x86_64-conda_cos6-linux-gnu/sysroot/usr/lib/../lib -L/home/e91/anaconda3/envs/test_petsc/bin/../lib/gcc/x86_64-conda_cos6-linux-gnu/7.3.0/../../../../x86_64-conda_cos6-linux-gnu/lib -L/home/e91/anaconda3/envs/test_petsc/bin/../x86_64-conda_cos6-linux-gnu/sysroot/lib -L/home/e91/anaconda3/envs/test_petsc/bin/../x86_64-conda_cos6-linux-gnu/sysroot/usr/lib -rpath /home/e91/anaconda3/envs/test_petsc/lib -O2 --sort-common --as-needed -z relro -z now --disable-new-dtags --gc-sections -rpath /home/e91/anaconda3/envs/test_petsc/lib -rpath-link /home/e91/anaconda3/envs/test_petsc/lib CMakeFiles/cmTC_06484.dir/CMakeCCompilerABI.c.o -lgcc --as-needed -lgcc_s --no-as-needed -lc -lgcc --as-needed -lgcc_s --no-as-needed /home/e91/anaconda3/envs/test_petsc/bin/../lib/gcc/x86_64-conda_cos6-linux-gnu/7.3.0/crtendS.o /home/e91/anaconda3/envs/test_petsc/bin/../x86_64-conda_cos6-linux-gnu/sysroot/usr/lib/../lib/crtn.o
COLLECT_GCC_OPTIONS='-march=nocona' '-mtune=haswell' '-ftree-vectorize' '-fPIC' '-fstack-protector-strong' '-fno-plt' '-O2' '-ffunction-sections' '-pipe' '-isystem' '/home/e91/anaconda3/envs/test_petsc/include' '-L/home/e91/anaconda3/envs/test_petsc/lib' '-v' '-o' 'cmTC_06484'
make[1]: Leaving directory '/home/e91/vcs/PPMICode/build/CMakeFiles/CMakeTmp'


Parsed C implicit link information from above output:
  link line regex: [^( *|.*[/\])(ld|([^/\]+-)?ld|collect2)[^/\]*( |$)]
  ignore line: [Change Dir: /home/e91/vcs/PPMICode/build/CMakeFiles/CMakeTmp]
  ignore line: []
  ignore line: [Run Build Command:"/usr/bin/make" "cmTC_06484/fast"]
  ignore line: [/usr/bin/make -f CMakeFiles/cmTC_06484.dir/build.make CMakeFiles/cmTC_06484.dir/build]
  ignore line: [make[1]: Entering directory '/home/e91/vcs/PPMICode/build/CMakeFiles/CMakeTmp']
  ignore line: [Building C object CMakeFiles/cmTC_06484.dir/CMakeCCompilerABI.c.o]
  ignore line: [/home/e91/anaconda3/envs/test_petsc/bin/x86_64-conda_cos6-linux-gnu-cc    -march=nocona -mtune=haswell -ftree-vectorize -fPIC -fstack-protector-strong -fno-plt -O2 -ffunction-sections -pipe -isystem /home/e91/anaconda3/envs/test_petsc/include     -o CMakeFiles/cmTC_06484.dir/CMakeCCompilerABI.c.o   -c /usr/share/cmake-3.5/Modules/CMakeCCompilerABI.c]
  ignore line: [Linking C executable cmTC_06484]
  ignore line: [/usr/bin/cmake -E cmake_link_script CMakeFiles/cmTC_06484.dir/link.txt --verbose=1]
  ignore line: [/home/e91/anaconda3/envs/test_petsc/bin/x86_64-conda_cos6-linux-gnu-cc  -march=nocona -mtune=haswell -ftree-vectorize -fPIC -fstack-protector-strong -fno-plt -O2 -ffunction-sections -pipe -isystem /home/e91/anaconda3/envs/test_petsc/include     -Wl,-O2 -Wl,--sort-common -Wl,--as-needed -Wl,-z,relro -Wl,-z,now -Wl,--disable-new-dtags -Wl,--gc-sections -Wl,-rpath,/home/e91/anaconda3/envs/test_petsc/lib -Wl,-rpath-link,/home/e91/anaconda3/envs/test_petsc/lib -L/home/e91/anaconda3/envs/test_petsc/lib -v CMakeFiles/cmTC_06484.dir/CMakeCCompilerABI.c.o  -o cmTC_06484  ]
  ignore line: [Reading specs from /home/e91/anaconda3/envs/test_petsc/bin/../lib/gcc/x86_64-conda_cos6-linux-gnu/7.3.0/specs]
  ignore line: [COLLECT_GCC=/home/e91/anaconda3/envs/test_petsc/bin/x86_64-conda_cos6-linux-gnu-cc]
  ignore line: [COLLECT_LTO_WRAPPER=/home/e91/anaconda3/envs/test_petsc/bin/../libexec/gcc/x86_64-conda_cos6-linux-gnu/7.3.0/lto-wrapper]
  ignore line: [Target: x86_64-conda_cos6-linux-gnu]
  ignore line: [Configured with: /home/rdonnelly/mc/conda-bld/compilers_linux-64_1534865402226/work/.build/x86_64-conda_cos6-linux-gnu/src/gcc/configure --build=x86_64-build_pc-linux-gnu --host=x86_64-build_pc-linux-gnu --target=x86_64-conda_cos6-linux-gnu --prefix=/home/rdonnelly/mc/conda-bld/compilers_linux-64_1534865402226/work/gcc_built --with-sysroot=/home/rdonnelly/mc/conda-bld/compilers_linux-64_1534865402226/work/gcc_built/x86_64-conda_cos6-linux-gnu/sysroot --enable-languages=c,c++,fortran,objc,obj-c++ --with-pkgversion='crosstool-NG 1.23.0.449-a04d0' --enable-__cxa_atexit --disable-libmudflap --enable-libgomp --disable-libssp --enable-libquadmath --enable-libquadmath-support --enable-libsanitizer --enable-libmpx --with-gmp=/home/rdonnelly/mc/conda-bld/compilers_linux-64_1534865402226/work/.build/x86_64-conda_cos6-linux-gnu/buildtools --with-mpfr=/home/rdonnelly/mc/conda-bld/compilers_linux-64_1534865402226/work/.build/x86_64-conda_cos6-linux-gnu/buildtools --with-mpc=/home/rdonnelly/mc/conda-bld/compilers_linux-64_1534865402226/work/.build/x86_64-conda_cos6-linux-gnu/buildtools --with-isl=/home/rdonnelly/mc/conda-bld/compilers_linux-64_1534865402226/work/.build/x86_64-conda_cos6-linux-gnu/buildtools --enable-lto --enable-threads=posix --enable-target-optspace --enable-plugin --enable-gold --disable-nls --disable-multilib --with-local-prefix=/home/rdonnelly/mc/conda-bld/compilers_linux-64_1534865402226/work/gcc_built/x86_64-conda_cos6-linux-gnu/sysroot --enable-long-long --enable-default-pie]
  ignore line: [Thread model: posix]
  ignore line: [gcc version 7.3.0 (crosstool-NG 1.23.0.449-a04d0) ]
  ignore line: [COMPILER_PATH=/home/e91/anaconda3/envs/test_petsc/bin/../libexec/gcc/x86_64-conda_cos6-linux-gnu/7.3.0/:/home/e91/anaconda3/envs/test_petsc/bin/../libexec/gcc/:/home/e91/anaconda3/envs/test_petsc/bin/../lib/gcc/x86_64-conda_cos6-linux-gnu/7.3.0/../../../../x86_64-conda_cos6-linux-gnu/bin/]
  ignore line: [LIBRARY_PATH=/home/e91/anaconda3/envs/test_petsc/bin/../lib/gcc/x86_64-conda_cos6-linux-gnu/7.3.0/:/home/e91/anaconda3/envs/test_petsc/bin/../lib/gcc/:/home/e91/anaconda3/envs/test_petsc/bin/../lib/gcc/x86_64-conda_cos6-linux-gnu/7.3.0/../../../../x86_64-conda_cos6-linux-gnu/lib/../lib/:/home/e91/anaconda3/envs/test_petsc/bin/../x86_64-conda_cos6-linux-gnu/sysroot/lib/../lib/:/home/e91/anaconda3/envs/test_petsc/bin/../x86_64-conda_cos6-linux-gnu/sysroot/usr/lib/../lib/:/home/e91/anaconda3/envs/test_petsc/bin/../lib/gcc/x86_64-conda_cos6-linux-gnu/7.3.0/../../../../x86_64-conda_cos6-linux-gnu/lib/:/home/e91/anaconda3/envs/test_petsc/bin/../x86_64-conda_cos6-linux-gnu/sysroot/lib/:/home/e91/anaconda3/envs/test_petsc/bin/../x86_64-conda_cos6-linux-gnu/sysroot/usr/lib/]
  ignore line: [COLLECT_GCC_OPTIONS='-march=nocona' '-mtune=haswell' '-ftree-vectorize' '-fPIC' '-fstack-protector-strong' '-fno-plt' '-O2' '-ffunction-sections' '-pipe' '-isystem' '/home/e91/anaconda3/envs/test_petsc/include' '-L/home/e91/anaconda3/envs/test_petsc/lib' '-v' '-o' 'cmTC_06484']
  link line: [ /home/e91/anaconda3/envs/test_petsc/bin/../libexec/gcc/x86_64-conda_cos6-linux-gnu/7.3.0/collect2 -plugin /home/e91/anaconda3/envs/test_petsc/bin/../libexec/gcc/x86_64-conda_cos6-linux-gnu/7.3.0/liblto_plugin.so -plugin-opt=/home/e91/anaconda3/envs/test_petsc/bin/../libexec/gcc/x86_64-conda_cos6-linux-gnu/7.3.0/lto-wrapper -plugin-opt=-fresolution=/tmp/ccjJRZWH.res -plugin-opt=-pass-through=-lgcc -plugin-opt=-pass-through=-lgcc_s -plugin-opt=-pass-through=-lc -plugin-opt=-pass-through=-lgcc -plugin-opt=-pass-through=-lgcc_s --sysroot=/home/e91/anaconda3/envs/test_petsc/bin/../x86_64-conda_cos6-linux-gnu/sysroot --eh-frame-hdr -m elf_x86_64 -dynamic-linker /lib64/ld-linux-x86-64.so.2 -pie -o cmTC_06484 /home/e91/anaconda3/envs/test_petsc/bin/../x86_64-conda_cos6-linux-gnu/sysroot/usr/lib/../lib/Scrt1.o /home/e91/anaconda3/envs/test_petsc/bin/../x86_64-conda_cos6-linux-gnu/sysroot/usr/lib/../lib/crti.o /home/e91/anaconda3/envs/test_petsc/bin/../lib/gcc/x86_64-conda_cos6-linux-gnu/7.3.0/crtbeginS.o -L/home/e91/anaconda3/envs/test_petsc/lib -L/home/e91/anaconda3/envs/test_petsc/bin/../lib/gcc/x86_64-conda_cos6-linux-gnu/7.3.0 -L/home/e91/anaconda3/envs/test_petsc/bin/../lib/gcc -L/home/e91/anaconda3/envs/test_petsc/bin/../lib/gcc/x86_64-conda_cos6-linux-gnu/7.3.0/../../../../x86_64-conda_cos6-linux-gnu/lib/../lib -L/home/e91/anaconda3/envs/test_petsc/bin/../x86_64-conda_cos6-linux-gnu/sysroot/lib/../lib -L/home/e91/anaconda3/envs/test_petsc/bin/../x86_64-conda_cos6-linux-gnu/sysroot/usr/lib/../lib -L/home/e91/anaconda3/envs/test_petsc/bin/../lib/gcc/x86_64-conda_cos6-linux-gnu/7.3.0/../../../../x86_64-conda_cos6-linux-gnu/lib -L/home/e91/anaconda3/envs/test_petsc/bin/../x86_64-conda_cos6-linux-gnu/sysroot/lib -L/home/e91/anaconda3/envs/test_petsc/bin/../x86_64-conda_cos6-linux-gnu/sysroot/usr/lib -rpath /home/e91/anaconda3/envs/test_petsc/lib -O2 --sort-common --as-needed -z relro -z now --disable-new-dtags --gc-sections -rpath /home/e91/anaconda3/envs/test_petsc/lib -rpath-link /home/e91/anaconda3/envs/test_petsc/lib CMakeFiles/cmTC_06484.dir/CMakeCCompilerABI.c.o -lgcc --as-needed -lgcc_s --no-as-needed -lc -lgcc --as-needed -lgcc_s --no-as-needed /home/e91/anaconda3/envs/test_petsc/bin/../lib/gcc/x86_64-conda_cos6-linux-gnu/7.3.0/crtendS.o /home/e91/anaconda3/envs/test_petsc/bin/../x86_64-conda_cos6-linux-gnu/sysroot/usr/lib/../lib/crtn.o]
    arg [/home/e91/anaconda3/envs/test_petsc/bin/../libexec/gcc/x86_64-conda_cos6-linux-gnu/7.3.0/collect2] ==> ignore
    arg [-plugin] ==> ignore
    arg [/home/e91/anaconda3/envs/test_petsc/bin/../libexec/gcc/x86_64-conda_cos6-linux-gnu/7.3.0/liblto_plugin.so] ==> ignore
    arg [-plugin-opt=/home/e91/anaconda3/envs/test_petsc/bin/../libexec/gcc/x86_64-conda_cos6-linux-gnu/7.3.0/lto-wrapper] ==> ignore
    arg [-plugin-opt=-fresolution=/tmp/ccjJRZWH.res] ==> ignore
    arg [-plugin-opt=-pass-through=-lgcc] ==> ignore
    arg [-plugin-opt=-pass-through=-lgcc_s] ==> ignore
    arg [-plugin-opt=-pass-through=-lc] ==> ignore
    arg [-plugin-opt=-pass-through=-lgcc] ==> ignore
    arg [-plugin-opt=-pass-through=-lgcc_s] ==> ignore
    arg [--sysroot=/home/e91/anaconda3/envs/test_petsc/bin/../x86_64-conda_cos6-linux-gnu/sysroot] ==> ignore
    arg [--eh-frame-hdr] ==> ignore
    arg [-m] ==> ignore
    arg [elf_x86_64] ==> ignore
    arg [-dynamic-linker] ==> ignore
    arg [/lib64/ld-linux-x86-64.so.2] ==> ignore
    arg [-pie] ==> ignore
    arg [-o] ==> ignore
    arg [cmTC_06484] ==> ignore
    arg [/home/e91/anaconda3/envs/test_petsc/bin/../x86_64-conda_cos6-linux-gnu/sysroot/usr/lib/../lib/Scrt1.o] ==> ignore
    arg [/home/e91/anaconda3/envs/test_petsc/bin/../x86_64-conda_cos6-linux-gnu/sysroot/usr/lib/../lib/crti.o] ==> ignore
    arg [/home/e91/anaconda3/envs/test_petsc/bin/../lib/gcc/x86_64-conda_cos6-linux-gnu/7.3.0/crtbeginS.o] ==> ignore
    arg [-L/home/e91/anaconda3/envs/test_petsc/lib] ==> dir [/home/e91/anaconda3/envs/test_petsc/lib]
    arg [-L/home/e91/anaconda3/envs/test_petsc/bin/../lib/gcc/x86_64-conda_cos6-linux-gnu/7.3.0] ==> dir [/home/e91/anaconda3/envs/test_petsc/bin/../lib/gcc/x86_64-conda_cos6-linux-gnu/7.3.0]
    arg [-L/home/e91/anaconda3/envs/test_petsc/bin/../lib/gcc] ==> dir [/home/e91/anaconda3/envs/test_petsc/bin/../lib/gcc]
    arg [-L/home/e91/anaconda3/envs/test_petsc/bin/../lib/gcc/x86_64-conda_cos6-linux-gnu/7.3.0/../../../../x86_64-conda_cos6-linux-gnu/lib/../lib] ==> dir [/home/e91/anaconda3/envs/test_petsc/bin/../lib/gcc/x86_64-conda_cos6-linux-gnu/7.3.0/../../../../x86_64-conda_cos6-linux-gnu/lib/../lib]
    arg [-L/home/e91/anaconda3/envs/test_petsc/bin/../x86_64-conda_cos6-linux-gnu/sysroot/lib/../lib] ==> dir [/home/e91/anaconda3/envs/test_petsc/bin/../x86_64-conda_cos6-linux-gnu/sysroot/lib/../lib]
    arg [-L/home/e91/anaconda3/envs/test_petsc/bin/../x86_64-conda_cos6-linux-gnu/sysroot/usr/lib/../lib] ==> dir [/home/e91/anaconda3/envs/test_petsc/bin/../x86_64-conda_cos6-linux-gnu/sysroot/usr/lib/../lib]
    arg [-L/home/e91/anaconda3/envs/test_petsc/bin/../lib/gcc/x86_64-conda_cos6-linux-gnu/7.3.0/../../../../x86_64-conda_cos6-linux-gnu/lib] ==> dir [/home/e91/anaconda3/envs/test_petsc/bin/../lib/gcc/x86_64-conda_cos6-linux-gnu/7.3.0/../../../../x86_64-conda_cos6-linux-gnu/lib]
    arg [-L/home/e91/anaconda3/envs/test_petsc/bin/../x86_64-conda_cos6-linux-gnu/sysroot/lib] ==> dir [/home/e91/anaconda3/envs/test_petsc/bin/../x86_64-conda_cos6-linux-gnu/sysroot/lib]
    arg [-L/home/e91/anaconda3/envs/test_petsc/bin/../x86_64-conda_cos6-linux-gnu/sysroot/usr/lib] ==> dir [/home/e91/anaconda3/envs/test_petsc/bin/../x86_64-conda_cos6-linux-gnu/sysroot/usr/lib]
    arg [-rpath] ==> ignore
    arg [/home/e91/anaconda3/envs/test_petsc/lib] ==> ignore
    arg [-O2] ==> ignore
    arg [--sort-common] ==> ignore
    arg [--as-needed] ==> ignore
    arg [-zrelro] ==> ignore
    arg [-znow] ==> ignore
    arg [--disable-new-dtags] ==> ignore
    arg [--gc-sections] ==> ignore
    arg [-rpath] ==> ignore
    arg [/home/e91/anaconda3/envs/test_petsc/lib] ==> ignore
    arg [-rpath-link] ==> ignore
    arg [/home/e91/anaconda3/envs/test_petsc/lib] ==> ignore
    arg [CMakeFiles/cmTC_06484.dir/CMakeCCompilerABI.c.o] ==> ignore
    arg [-lgcc] ==> lib [gcc]
    arg [--as-needed] ==> ignore
    arg [-lgcc_s] ==> lib [gcc_s]
    arg [--no-as-needed] ==> ignore
    arg [-lc] ==> lib [c]
    arg [-lgcc] ==> lib [gcc]
    arg [--as-needed] ==> ignore
    arg [-lgcc_s] ==> lib [gcc_s]
    arg [--no-as-needed] ==> ignore
    arg [/home/e91/anaconda3/envs/test_petsc/bin/../lib/gcc/x86_64-conda_cos6-linux-gnu/7.3.0/crtendS.o] ==> ignore
    arg [/home/e91/anaconda3/envs/test_petsc/bin/../x86_64-conda_cos6-linux-gnu/sysroot/usr/lib/../lib/crtn.o] ==> ignore
  remove lib [gcc]
  remove lib [gcc_s]
  remove lib [gcc]
  remove lib [gcc_s]
  collapse library dir [/home/e91/anaconda3/envs/test_petsc/lib] ==> [/home/e91/anaconda3/envs/test_petsc/lib]
  collapse library dir [/home/e91/anaconda3/envs/test_petsc/bin/../lib/gcc/x86_64-conda_cos6-linux-gnu/7.3.0] ==> [/home/e91/anaconda3/envs/test_petsc/lib/gcc/x86_64-conda_cos6-linux-gnu/7.3.0]
  collapse library dir [/home/e91/anaconda3/envs/test_petsc/bin/../lib/gcc] ==> [/home/e91/anaconda3/envs/test_petsc/lib/gcc]
  collapse library dir [/home/e91/anaconda3/envs/test_petsc/bin/../lib/gcc/x86_64-conda_cos6-linux-gnu/7.3.0/../../../../x86_64-conda_cos6-linux-gnu/lib/../lib] ==> [/home/e91/anaconda3/envs/test_petsc/x86_64-conda_cos6-linux-gnu/lib]
  collapse library dir [/home/e91/anaconda3/envs/test_petsc/bin/../x86_64-conda_cos6-linux-gnu/sysroot/lib/../lib] ==> [/home/e91/anaconda3/envs/test_petsc/x86_64-conda_cos6-linux-gnu/sysroot/lib]
  collapse library dir [/home/e91/anaconda3/envs/test_petsc/bin/../x86_64-conda_cos6-linux-gnu/sysroot/usr/lib/../lib] ==> [/home/e91/anaconda3/envs/test_petsc/x86_64-conda_cos6-linux-gnu/sysroot/usr/lib]
  collapse library dir [/home/e91/anaconda3/envs/test_petsc/bin/../lib/gcc/x86_64-conda_cos6-linux-gnu/7.3.0/../../../../x86_64-conda_cos6-linux-gnu/lib] ==> [/home/e91/anaconda3/envs/test_petsc/x86_64-conda_cos6-linux-gnu/lib]
  collapse library dir [/home/e91/anaconda3/envs/test_petsc/bin/../x86_64-conda_cos6-linux-gnu/sysroot/lib] ==> [/home/e91/anaconda3/envs/test_petsc/x86_64-conda_cos6-linux-gnu/sysroot/lib]
  collapse library dir [/home/e91/anaconda3/envs/test_petsc/bin/../x86_64-conda_cos6-linux-gnu/sysroot/usr/lib] ==> [/home/e91/anaconda3/envs/test_petsc/x86_64-conda_cos6-linux-gnu/sysroot/usr/lib]
  implicit libs: [c]
  implicit dirs: [/home/e91/anaconda3/envs/test_petsc/lib;/home/e91/anaconda3/envs/test_petsc/lib/gcc/x86_64-conda_cos6-linux-gnu/7.3.0;/home/e91/anaconda3/envs/test_petsc/lib/gcc;/home/e91/anaconda3/envs/test_petsc/x86_64-conda_cos6-linux-gnu/lib;/home/e91/anaconda3/envs/test_petsc/x86_64-conda_cos6-linux-gnu/sysroot/lib;/home/e91/anaconda3/envs/test_petsc/x86_64-conda_cos6-linux-gnu/sysroot/usr/lib]
  implicit fwks: []




Detecting C [-std=c11] compiler features compiled with the following output:
Change Dir: /home/e91/vcs/PPMICode/build/CMakeFiles/CMakeTmp

Run Build Command:"/usr/bin/make" "cmTC_14e55/fast"
/usr/bin/make -f CMakeFiles/cmTC_14e55.dir/build.make CMakeFiles/cmTC_14e55.dir/build
make[1]: Entering directory '/home/e91/vcs/PPMICode/build/CMakeFiles/CMakeTmp'
Building C object CMakeFiles/cmTC_14e55.dir/feature_tests.c.o
/home/e91/anaconda3/envs/test_petsc/bin/x86_64-conda_cos6-linux-gnu-cc    -march=nocona -mtune=haswell -ftree-vectorize -fPIC -fstack-protector-strong -fno-plt -O2 -ffunction-sections -pipe -isystem /home/e91/anaconda3/envs/test_petsc/include     -std=c11 -o CMakeFiles/cmTC_14e55.dir/feature_tests.c.o   -c /home/e91/vcs/PPMICode/build/CMakeFiles/feature_tests.c
Linking C executable cmTC_14e55
/usr/bin/cmake -E cmake_link_script CMakeFiles/cmTC_14e55.dir/link.txt --verbose=1
/home/e91/anaconda3/envs/test_petsc/bin/x86_64-conda_cos6-linux-gnu-cc  -march=nocona -mtune=haswell -ftree-vectorize -fPIC -fstack-protector-strong -fno-plt -O2 -ffunction-sections -pipe -isystem /home/e91/anaconda3/envs/test_petsc/include     -Wl,-O2 -Wl,--sort-common -Wl,--as-needed -Wl,-z,relro -Wl,-z,now -Wl,--disable-new-dtags -Wl,--gc-sections -Wl,-rpath,/home/e91/anaconda3/envs/test_petsc/lib -Wl,-rpath-link,/home/e91/anaconda3/envs/test_petsc/lib -L/home/e91/anaconda3/envs/test_petsc/lib  CMakeFiles/cmTC_14e55.dir/feature_tests.c.o  -o cmTC_14e55 
make[1]: Leaving directory '/home/e91/vcs/PPMICode/build/CMakeFiles/CMakeTmp'


    Feature record: C_FEATURE:1c_function_prototypes
    Feature record: C_FEATURE:1c_restrict
    Feature record: C_FEATURE:1c_static_assert
    Feature record: C_FEATURE:1c_variadic_macros


Detecting C [-std=c99] compiler features compiled with the following output:
Change Dir: /home/e91/vcs/PPMICode/build/CMakeFiles/CMakeTmp

Run Build Command:"/usr/bin/make" "cmTC_87bf9/fast"
/usr/bin/make -f CMakeFiles/cmTC_87bf9.dir/build.make CMakeFiles/cmTC_87bf9.dir/build
make[1]: Entering directory '/home/e91/vcs/PPMICode/build/CMakeFiles/CMakeTmp'
Building C object CMakeFiles/cmTC_87bf9.dir/feature_tests.c.o
/home/e91/anaconda3/envs/test_petsc/bin/x86_64-conda_cos6-linux-gnu-cc    -march=nocona -mtune=haswell -ftree-vectorize -fPIC -fstack-protector-strong -fno-plt -O2 -ffunction-sections -pipe -isystem /home/e91/anaconda3/envs/test_petsc/include     -std=c99 -o CMakeFiles/cmTC_87bf9.dir/feature_tests.c.o   -c /home/e91/vcs/PPMICode/build/CMakeFiles/feature_tests.c
Linking C executable cmTC_87bf9
/usr/bin/cmake -E cmake_link_script CMakeFiles/cmTC_87bf9.dir/link.txt --verbose=1
/home/e91/anaconda3/envs/test_petsc/bin/x86_64-conda_cos6-linux-gnu-cc  -march=nocona -mtune=haswell -ftree-vectorize -fPIC -fstack-protector-strong -fno-plt -O2 -ffunction-sections -pipe -isystem /home/e91/anaconda3/envs/test_petsc/include     -Wl,-O2 -Wl,--sort-common -Wl,--as-needed -Wl,-z,relro -Wl,-z,now -Wl,--disable-new-dtags -Wl,--gc-sections -Wl,-rpath,/home/e91/anaconda3/envs/test_petsc/lib -Wl,-rpath-link,/home/e91/anaconda3/envs/test_petsc/lib -L/home/e91/anaconda3/envs/test_petsc/lib  CMakeFiles/cmTC_87bf9.dir/feature_tests.c.o  -o cmTC_87bf9 
make[1]: Leaving directory '/home/e91/vcs/PPMICode/build/CMakeFiles/CMakeTmp'


    Feature record: C_FEATURE:1c_function_prototypes
    Feature record: C_FEATURE:1c_restrict
    Feature record: C_FEATURE:0c_static_assert
    Feature record: C_FEATURE:1c_variadic_macros


Detecting C [-std=c90] compiler features compiled with the following output:
Change Dir: /home/e91/vcs/PPMICode/build/CMakeFiles/CMakeTmp

Run Build Command:"/usr/bin/make" "cmTC_e0dcc/fast"
/usr/bin/make -f CMakeFiles/cmTC_e0dcc.dir/build.make CMakeFiles/cmTC_e0dcc.dir/build
make[1]: Entering directory '/home/e91/vcs/PPMICode/build/CMakeFiles/CMakeTmp'
Building C object CMakeFiles/cmTC_e0dcc.dir/feature_tests.c.o
/home/e91/anaconda3/envs/test_petsc/bin/x86_64-conda_cos6-linux-gnu-cc    -march=nocona -mtune=haswell -ftree-vectorize -fPIC -fstack-protector-strong -fno-plt -O2 -ffunction-sections -pipe -isystem /home/e91/anaconda3/envs/test_petsc/include     -std=c90 -o CMakeFiles/cmTC_e0dcc.dir/feature_tests.c.o   -c /home/e91/vcs/PPMICode/build/CMakeFiles/feature_tests.c
Linking C executable cmTC_e0dcc
/usr/bin/cmake -E cmake_link_script CMakeFiles/cmTC_e0dcc.dir/link.txt --verbose=1
/home/e91/anaconda3/envs/test_petsc/bin/x86_64-conda_cos6-linux-gnu-cc  -march=nocona -mtune=haswell -ftree-vectorize -fPIC -fstack-protector-strong -fno-plt -O2 -ffunction-sections -pipe -isystem /home/e91/anaconda3/envs/test_petsc/include     -Wl,-O2 -Wl,--sort-common -Wl,--as-needed -Wl,-z,relro -Wl,-z,now -Wl,--disable-new-dtags -Wl,--gc-sections -Wl,-rpath,/home/e91/anaconda3/envs/test_petsc/lib -Wl,-rpath-link,/home/e91/anaconda3/envs/test_petsc/lib -L/home/e91/anaconda3/envs/test_petsc/lib  CMakeFiles/cmTC_e0dcc.dir/feature_tests.c.o  -o cmTC_e0dcc 
make[1]: Leaving directory '/home/e91/vcs/PPMICode/build/CMakeFiles/CMakeTmp'


    Feature record: C_FEATURE:1c_function_prototypes
    Feature record: C_FEATURE:0c_restrict
    Feature record: C_FEATURE:0c_static_assert
    Feature record: C_FEATURE:0c_variadic_macros
Determining if the CXX compiler works passed with the following output:
Change Dir: /home/e91/vcs/PPMICode/build/CMakeFiles/CMakeTmp

Run Build Command:"/usr/bin/make" "cmTC_542d9/fast"
/usr/bin/make -f CMakeFiles/cmTC_542d9.dir/build.make CMakeFiles/cmTC_542d9.dir/build
make[1]: Entering directory '/home/e91/vcs/PPMICode/build/CMakeFiles/CMakeTmp'
Building CXX object CMakeFiles/cmTC_542d9.dir/testCXXCompiler.cxx.o
/home/e91/anaconda3/envs/test_petsc/bin/x86_64-conda_cos6-linux-gnu-c++     -fvisibility-inlines-hidden -std=c++17 -fmessage-length=0 -march=nocona -mtune=haswell -ftree-vectorize -fPIC -fstack-protector-strong -fno-plt -O2 -ffunction-sections -pipe -isystem /home/e91/anaconda3/envs/test_petsc/include     -o CMakeFiles/cmTC_542d9.dir/testCXXCompiler.cxx.o -c /home/e91/vcs/PPMICode/build/CMakeFiles/CMakeTmp/testCXXCompiler.cxx
Linking CXX executable cmTC_542d9
/usr/bin/cmake -E cmake_link_script CMakeFiles/cmTC_542d9.dir/link.txt --verbose=1
/home/e91/anaconda3/envs/test_petsc/bin/x86_64-conda_cos6-linux-gnu-c++   -fvisibility-inlines-hidden -std=c++17 -fmessage-length=0 -march=nocona -mtune=haswell -ftree-vectorize -fPIC -fstack-protector-strong -fno-plt -O2 -ffunction-sections -pipe -isystem /home/e91/anaconda3/envs/test_petsc/include     -Wl,-O2 -Wl,--sort-common -Wl,--as-needed -Wl,-z,relro -Wl,-z,now -Wl,--disable-new-dtags -Wl,--gc-sections -Wl,-rpath,/home/e91/anaconda3/envs/test_petsc/lib -Wl,-rpath-link,/home/e91/anaconda3/envs/test_petsc/lib -L/home/e91/anaconda3/envs/test_petsc/lib  CMakeFiles/cmTC_542d9.dir/testCXXCompiler.cxx.o  -o cmTC_542d9 
make[1]: Leaving directory '/home/e91/vcs/PPMICode/build/CMakeFiles/CMakeTmp'


Detecting CXX compiler ABI info compiled with the following output:
Change Dir: /home/e91/vcs/PPMICode/build/CMakeFiles/CMakeTmp

Run Build Command:"/usr/bin/make" "cmTC_8bc65/fast"
/usr/bin/make -f CMakeFiles/cmTC_8bc65.dir/build.make CMakeFiles/cmTC_8bc65.dir/build
make[1]: Entering directory '/home/e91/vcs/PPMICode/build/CMakeFiles/CMakeTmp'
Building CXX object CMakeFiles/cmTC_8bc65.dir/CMakeCXXCompilerABI.cpp.o
/home/e91/anaconda3/envs/test_petsc/bin/x86_64-conda_cos6-linux-gnu-c++     -fvisibility-inlines-hidden -std=c++17 -fmessage-length=0 -march=nocona -mtune=haswell -ftree-vectorize -fPIC -fstack-protector-strong -fno-plt -O2 -ffunction-sections -pipe -isystem /home/e91/anaconda3/envs/test_petsc/include     -o CMakeFiles/cmTC_8bc65.dir/CMakeCXXCompilerABI.cpp.o -c /usr/share/cmake-3.5/Modules/CMakeCXXCompilerABI.cpp
Linking CXX executable cmTC_8bc65
/usr/bin/cmake -E cmake_link_script CMakeFiles/cmTC_8bc65.dir/link.txt --verbose=1
/home/e91/anaconda3/envs/test_petsc/bin/x86_64-conda_cos6-linux-gnu-c++   -fvisibility-inlines-hidden -std=c++17 -fmessage-length=0 -march=nocona -mtune=haswell -ftree-vectorize -fPIC -fstack-protector-strong -fno-plt -O2 -ffunction-sections -pipe -isystem /home/e91/anaconda3/envs/test_petsc/include     -Wl,-O2 -Wl,--sort-common -Wl,--as-needed -Wl,-z,relro -Wl,-z,now -Wl,--disable-new-dtags -Wl,--gc-sections -Wl,-rpath,/home/e91/anaconda3/envs/test_petsc/lib -Wl,-rpath-link,/home/e91/anaconda3/envs/test_petsc/lib -L/home/e91/anaconda3/envs/test_petsc/lib -v CMakeFiles/cmTC_8bc65.dir/CMakeCXXCompilerABI.cpp.o  -o cmTC_8bc65  
Reading specs from /home/e91/anaconda3/envs/test_petsc/bin/../lib/gcc/x86_64-conda_cos6-linux-gnu/7.3.0/specs
COLLECT_GCC=/home/e91/anaconda3/envs/test_petsc/bin/x86_64-conda_cos6-linux-gnu-c++
COLLECT_LTO_WRAPPER=/home/e91/anaconda3/envs/test_petsc/bin/../libexec/gcc/x86_64-conda_cos6-linux-gnu/7.3.0/lto-wrapper
Target: x86_64-conda_cos6-linux-gnu
Configured with: /home/rdonnelly/mc/conda-bld/compilers_linux-64_1534865402226/work/.build/x86_64-conda_cos6-linux-gnu/src/gcc/configure --build=x86_64-build_pc-linux-gnu --host=x86_64-build_pc-linux-gnu --target=x86_64-conda_cos6-linux-gnu --prefix=/home/rdonnelly/mc/conda-bld/compilers_linux-64_1534865402226/work/gcc_built --with-sysroot=/home/rdonnelly/mc/conda-bld/compilers_linux-64_1534865402226/work/gcc_built/x86_64-conda_cos6-linux-gnu/sysroot --enable-languages=c,c++,fortran,objc,obj-c++ --with-pkgversion='crosstool-NG 1.23.0.449-a04d0' --enable-__cxa_atexit --disable-libmudflap --enable-libgomp --disable-libssp --enable-libquadmath --enable-libquadmath-support --enable-libsanitizer --enable-libmpx --with-gmp=/home/rdonnelly/mc/conda-bld/compilers_linux-64_1534865402226/work/.build/x86_64-conda_cos6-linux-gnu/buildtools --with-mpfr=/home/rdonnelly/mc/conda-bld/compilers_linux-64_1534865402226/work/.build/x86_64-conda_cos6-linux-gnu/buildtools --with-mpc=/home/rdonnelly/mc/conda-bld/compilers_linux-64_1534865402226/work/.build/x86_64-conda_cos6-linux-gnu/buildtools --with-isl=/home/rdonnelly/mc/conda-bld/compilers_linux-64_1534865402226/work/.build/x86_64-conda_cos6-linux-gnu/buildtools --enable-lto --enable-threads=posix --enable-target-optspace --enable-plugin --enable-gold --disable-nls --disable-multilib --with-local-prefix=/home/rdonnelly/mc/conda-bld/compilers_linux-64_1534865402226/work/gcc_built/x86_64-conda_cos6-linux-gnu/sysroot --enable-long-long --enable-default-pie
Thread model: posix
gcc version 7.3.0 (crosstool-NG 1.23.0.449-a04d0) 
COMPILER_PATH=/home/e91/anaconda3/envs/test_petsc/bin/../libexec/gcc/x86_64-conda_cos6-linux-gnu/7.3.0/:/home/e91/anaconda3/envs/test_petsc/bin/../libexec/gcc/:/home/e91/anaconda3/envs/test_petsc/bin/../lib/gcc/x86_64-conda_cos6-linux-gnu/7.3.0/../../../../x86_64-conda_cos6-linux-gnu/bin/
LIBRARY_PATH=/home/e91/anaconda3/envs/test_petsc/bin/../lib/gcc/x86_64-conda_cos6-linux-gnu/7.3.0/:/home/e91/anaconda3/envs/test_petsc/bin/../lib/gcc/:/home/e91/anaconda3/envs/test_petsc/bin/../lib/gcc/x86_64-conda_cos6-linux-gnu/7.3.0/../../../../x86_64-conda_cos6-linux-gnu/lib/../lib/:/home/e91/anaconda3/envs/test_petsc/bin/../x86_64-conda_cos6-linux-gnu/sysroot/lib/../lib/:/home/e91/anaconda3/envs/test_petsc/bin/../x86_64-conda_cos6-linux-gnu/sysroot/usr/lib/../lib/:/home/e91/anaconda3/envs/test_petsc/bin/../lib/gcc/x86_64-conda_cos6-linux-gnu/7.3.0/../../../../x86_64-conda_cos6-linux-gnu/lib/:/home/e91/anaconda3/envs/test_petsc/bin/../x86_64-conda_cos6-linux-gnu/sysroot/lib/:/home/e91/anaconda3/envs/test_petsc/bin/../x86_64-conda_cos6-linux-gnu/sysroot/usr/lib/
COLLECT_GCC_OPTIONS='-fvisibility-inlines-hidden' '-std=c++1z' '-fmessage-length=0' '-march=nocona' '-mtune=haswell' '-ftree-vectorize' '-fPIC' '-fstack-protector-strong' '-fno-plt' '-O2' '-ffunction-sections' '-pipe' '-isystem' '/home/e91/anaconda3/envs/test_petsc/include' '-L/home/e91/anaconda3/envs/test_petsc/lib' '-v' '-o' 'cmTC_8bc65' '-shared-libgcc'
 /home/e91/anaconda3/envs/test_petsc/bin/../libexec/gcc/x86_64-conda_cos6-linux-gnu/7.3.0/collect2 -plugin /home/e91/anaconda3/envs/test_petsc/bin/../libexec/gcc/x86_64-conda_cos6-linux-gnu/7.3.0/liblto_plugin.so -plugin-opt=/home/e91/anaconda3/envs/test_petsc/bin/../libexec/gcc/x86_64-conda_cos6-linux-gnu/7.3.0/lto-wrapper -plugin-opt=-fresolution=/tmp/cc0FcE64.res -plugin-opt=-pass-through=-lgcc_s -plugin-opt=-pass-through=-lgcc -plugin-opt=-pass-through=-lc -plugin-opt=-pass-through=-lgcc_s -plugin-opt=-pass-through=-lgcc --sysroot=/home/e91/anaconda3/envs/test_petsc/bin/../x86_64-conda_cos6-linux-gnu/sysroot --eh-frame-hdr -m elf_x86_64 -dynamic-linker /lib64/ld-linux-x86-64.so.2 -pie -o cmTC_8bc65 /home/e91/anaconda3/envs/test_petsc/bin/../x86_64-conda_cos6-linux-gnu/sysroot/usr/lib/../lib/Scrt1.o /home/e91/anaconda3/envs/test_petsc/bin/../x86_64-conda_cos6-linux-gnu/sysroot/usr/lib/../lib/crti.o /home/e91/anaconda3/envs/test_petsc/bin/../lib/gcc/x86_64-conda_cos6-linux-gnu/7.3.0/crtbeginS.o -L/home/e91/anaconda3/envs/test_petsc/lib -L/home/e91/anaconda3/envs/test_petsc/bin/../lib/gcc/x86_64-conda_cos6-linux-gnu/7.3.0 -L/home/e91/anaconda3/envs/test_petsc/bin/../lib/gcc -L/home/e91/anaconda3/envs/test_petsc/bin/../lib/gcc/x86_64-conda_cos6-linux-gnu/7.3.0/../../../../x86_64-conda_cos6-linux-gnu/lib/../lib -L/home/e91/anaconda3/envs/test_petsc/bin/../x86_64-conda_cos6-linux-gnu/sysroot/lib/../lib -L/home/e91/anaconda3/envs/test_petsc/bin/../x86_64-conda_cos6-linux-gnu/sysroot/usr/lib/../lib -L/home/e91/anaconda3/envs/test_petsc/bin/../lib/gcc/x86_64-conda_cos6-linux-gnu/7.3.0/../../../../x86_64-conda_cos6-linux-gnu/lib -L/home/e91/anaconda3/envs/test_petsc/bin/../x86_64-conda_cos6-linux-gnu/sysroot/lib -L/home/e91/anaconda3/envs/test_petsc/bin/../x86_64-conda_cos6-linux-gnu/sysroot/usr/lib -rpath /home/e91/anaconda3/envs/test_petsc/lib -O2 --sort-common --as-needed -z relro -z now --disable-new-dtags --gc-sections -rpath /home/e91/anaconda3/envs/test_petsc/lib -rpath-link /home/e91/anaconda3/envs/test_petsc/lib CMakeFiles/cmTC_8bc65.dir/CMakeCXXCompilerABI.cpp.o -lstdc++ -lm -lgcc_s -lgcc -lc -lgcc_s -lgcc /home/e91/anaconda3/envs/test_petsc/bin/../lib/gcc/x86_64-conda_cos6-linux-gnu/7.3.0/crtendS.o /home/e91/anaconda3/envs/test_petsc/bin/../x86_64-conda_cos6-linux-gnu/sysroot/usr/lib/../lib/crtn.o
COLLECT_GCC_OPTIONS='-fvisibility-inlines-hidden' '-std=c++1z' '-fmessage-length=0' '-march=nocona' '-mtune=haswell' '-ftree-vectorize' '-fPIC' '-fstack-protector-strong' '-fno-plt' '-O2' '-ffunction-sections' '-pipe' '-isystem' '/home/e91/anaconda3/envs/test_petsc/include' '-L/home/e91/anaconda3/envs/test_petsc/lib' '-v' '-o' 'cmTC_8bc65' '-shared-libgcc'
make[1]: Leaving directory '/home/e91/vcs/PPMICode/build/CMakeFiles/CMakeTmp'


Parsed CXX implicit link information from above output:
  link line regex: [^( *|.*[/\])(ld|([^/\]+-)?ld|collect2)[^/\]*( |$)]
  ignore line: [Change Dir: /home/e91/vcs/PPMICode/build/CMakeFiles/CMakeTmp]
  ignore line: []
  ignore line: [Run Build Command:"/usr/bin/make" "cmTC_8bc65/fast"]
  ignore line: [/usr/bin/make -f CMakeFiles/cmTC_8bc65.dir/build.make CMakeFiles/cmTC_8bc65.dir/build]
  ignore line: [make[1]: Entering directory '/home/e91/vcs/PPMICode/build/CMakeFiles/CMakeTmp']
  ignore line: [Building CXX object CMakeFiles/cmTC_8bc65.dir/CMakeCXXCompilerABI.cpp.o]
  ignore line: [/home/e91/anaconda3/envs/test_petsc/bin/x86_64-conda_cos6-linux-gnu-c++     -fvisibility-inlines-hidden -std=c++17 -fmessage-length=0 -march=nocona -mtune=haswell -ftree-vectorize -fPIC -fstack-protector-strong -fno-plt -O2 -ffunction-sections -pipe -isystem /home/e91/anaconda3/envs/test_petsc/include     -o CMakeFiles/cmTC_8bc65.dir/CMakeCXXCompilerABI.cpp.o -c /usr/share/cmake-3.5/Modules/CMakeCXXCompilerABI.cpp]
  ignore line: [Linking CXX executable cmTC_8bc65]
  ignore line: [/usr/bin/cmake -E cmake_link_script CMakeFiles/cmTC_8bc65.dir/link.txt --verbose=1]
  ignore line: [/home/e91/anaconda3/envs/test_petsc/bin/x86_64-conda_cos6-linux-gnu-c++   -fvisibility-inlines-hidden -std=c++17 -fmessage-length=0 -march=nocona -mtune=haswell -ftree-vectorize -fPIC -fstack-protector-strong -fno-plt -O2 -ffunction-sections -pipe -isystem /home/e91/anaconda3/envs/test_petsc/include     -Wl,-O2 -Wl,--sort-common -Wl,--as-needed -Wl,-z,relro -Wl,-z,now -Wl,--disable-new-dtags -Wl,--gc-sections -Wl,-rpath,/home/e91/anaconda3/envs/test_petsc/lib -Wl,-rpath-link,/home/e91/anaconda3/envs/test_petsc/lib -L/home/e91/anaconda3/envs/test_petsc/lib -v CMakeFiles/cmTC_8bc65.dir/CMakeCXXCompilerABI.cpp.o  -o cmTC_8bc65  ]
  ignore line: [Reading specs from /home/e91/anaconda3/envs/test_petsc/bin/../lib/gcc/x86_64-conda_cos6-linux-gnu/7.3.0/specs]
  ignore line: [COLLECT_GCC=/home/e91/anaconda3/envs/test_petsc/bin/x86_64-conda_cos6-linux-gnu-c++]
  ignore line: [COLLECT_LTO_WRAPPER=/home/e91/anaconda3/envs/test_petsc/bin/../libexec/gcc/x86_64-conda_cos6-linux-gnu/7.3.0/lto-wrapper]
  ignore line: [Target: x86_64-conda_cos6-linux-gnu]
  ignore line: [Configured with: /home/rdonnelly/mc/conda-bld/compilers_linux-64_1534865402226/work/.build/x86_64-conda_cos6-linux-gnu/src/gcc/configure --build=x86_64-build_pc-linux-gnu --host=x86_64-build_pc-linux-gnu --target=x86_64-conda_cos6-linux-gnu --prefix=/home/rdonnelly/mc/conda-bld/compilers_linux-64_1534865402226/work/gcc_built --with-sysroot=/home/rdonnelly/mc/conda-bld/compilers_linux-64_1534865402226/work/gcc_built/x86_64-conda_cos6-linux-gnu/sysroot --enable-languages=c,c++,fortran,objc,obj-c++ --with-pkgversion='crosstool-NG 1.23.0.449-a04d0' --enable-__cxa_atexit --disable-libmudflap --enable-libgomp --disable-libssp --enable-libquadmath --enable-libquadmath-support --enable-libsanitizer --enable-libmpx --with-gmp=/home/rdonnelly/mc/conda-bld/compilers_linux-64_1534865402226/work/.build/x86_64-conda_cos6-linux-gnu/buildtools --with-mpfr=/home/rdonnelly/mc/conda-bld/compilers_linux-64_1534865402226/work/.build/x86_64-conda_cos6-linux-gnu/buildtools --with-mpc=/home/rdonnelly/mc/conda-bld/compilers_linux-64_1534865402226/work/.build/x86_64-conda_cos6-linux-gnu/buildtools --with-isl=/home/rdonnelly/mc/conda-bld/compilers_linux-64_1534865402226/work/.build/x86_64-conda_cos6-linux-gnu/buildtools --enable-lto --enable-threads=posix --enable-target-optspace --enable-plugin --enable-gold --disable-nls --disable-multilib --with-local-prefix=/home/rdonnelly/mc/conda-bld/compilers_linux-64_1534865402226/work/gcc_built/x86_64-conda_cos6-linux-gnu/sysroot --enable-long-long --enable-default-pie]
  ignore line: [Thread model: posix]
  ignore line: [gcc version 7.3.0 (crosstool-NG 1.23.0.449-a04d0) ]
  ignore line: [COMPILER_PATH=/home/e91/anaconda3/envs/test_petsc/bin/../libexec/gcc/x86_64-conda_cos6-linux-gnu/7.3.0/:/home/e91/anaconda3/envs/test_petsc/bin/../libexec/gcc/:/home/e91/anaconda3/envs/test_petsc/bin/../lib/gcc/x86_64-conda_cos6-linux-gnu/7.3.0/../../../../x86_64-conda_cos6-linux-gnu/bin/]
  ignore line: [LIBRARY_PATH=/home/e91/anaconda3/envs/test_petsc/bin/../lib/gcc/x86_64-conda_cos6-linux-gnu/7.3.0/:/home/e91/anaconda3/envs/test_petsc/bin/../lib/gcc/:/home/e91/anaconda3/envs/test_petsc/bin/../lib/gcc/x86_64-conda_cos6-linux-gnu/7.3.0/../../../../x86_64-conda_cos6-linux-gnu/lib/../lib/:/home/e91/anaconda3/envs/test_petsc/bin/../x86_64-conda_cos6-linux-gnu/sysroot/lib/../lib/:/home/e91/anaconda3/envs/test_petsc/bin/../x86_64-conda_cos6-linux-gnu/sysroot/usr/lib/../lib/:/home/e91/anaconda3/envs/test_petsc/bin/../lib/gcc/x86_64-conda_cos6-linux-gnu/7.3.0/../../../../x86_64-conda_cos6-linux-gnu/lib/:/home/e91/anaconda3/envs/test_petsc/bin/../x86_64-conda_cos6-linux-gnu/sysroot/lib/:/home/e91/anaconda3/envs/test_petsc/bin/../x86_64-conda_cos6-linux-gnu/sysroot/usr/lib/]
  ignore line: [COLLECT_GCC_OPTIONS='-fvisibility-inlines-hidden' '-std=c++1z' '-fmessage-length=0' '-march=nocona' '-mtune=haswell' '-ftree-vectorize' '-fPIC' '-fstack-protector-strong' '-fno-plt' '-O2' '-ffunction-sections' '-pipe' '-isystem' '/home/e91/anaconda3/envs/test_petsc/include' '-L/home/e91/anaconda3/envs/test_petsc/lib' '-v' '-o' 'cmTC_8bc65' '-shared-libgcc']
  link line: [ /home/e91/anaconda3/envs/test_petsc/bin/../libexec/gcc/x86_64-conda_cos6-linux-gnu/7.3.0/collect2 -plugin /home/e91/anaconda3/envs/test_petsc/bin/../libexec/gcc/x86_64-conda_cos6-linux-gnu/7.3.0/liblto_plugin.so -plugin-opt=/home/e91/anaconda3/envs/test_petsc/bin/../libexec/gcc/x86_64-conda_cos6-linux-gnu/7.3.0/lto-wrapper -plugin-opt=-fresolution=/tmp/cc0FcE64.res -plugin-opt=-pass-through=-lgcc_s -plugin-opt=-pass-through=-lgcc -plugin-opt=-pass-through=-lc -plugin-opt=-pass-through=-lgcc_s -plugin-opt=-pass-through=-lgcc --sysroot=/home/e91/anaconda3/envs/test_petsc/bin/../x86_64-conda_cos6-linux-gnu/sysroot --eh-frame-hdr -m elf_x86_64 -dynamic-linker /lib64/ld-linux-x86-64.so.2 -pie -o cmTC_8bc65 /home/e91/anaconda3/envs/test_petsc/bin/../x86_64-conda_cos6-linux-gnu/sysroot/usr/lib/../lib/Scrt1.o /home/e91/anaconda3/envs/test_petsc/bin/../x86_64-conda_cos6-linux-gnu/sysroot/usr/lib/../lib/crti.o /home/e91/anaconda3/envs/test_petsc/bin/../lib/gcc/x86_64-conda_cos6-linux-gnu/7.3.0/crtbeginS.o -L/home/e91/anaconda3/envs/test_petsc/lib -L/home/e91/anaconda3/envs/test_petsc/bin/../lib/gcc/x86_64-conda_cos6-linux-gnu/7.3.0 -L/home/e91/anaconda3/envs/test_petsc/bin/../lib/gcc -L/home/e91/anaconda3/envs/test_petsc/bin/../lib/gcc/x86_64-conda_cos6-linux-gnu/7.3.0/../../../../x86_64-conda_cos6-linux-gnu/lib/../lib -L/home/e91/anaconda3/envs/test_petsc/bin/../x86_64-conda_cos6-linux-gnu/sysroot/lib/../lib -L/home/e91/anaconda3/envs/test_petsc/bin/../x86_64-conda_cos6-linux-gnu/sysroot/usr/lib/../lib -L/home/e91/anaconda3/envs/test_petsc/bin/../lib/gcc/x86_64-conda_cos6-linux-gnu/7.3.0/../../../../x86_64-conda_cos6-linux-gnu/lib -L/home/e91/anaconda3/envs/test_petsc/bin/../x86_64-conda_cos6-linux-gnu/sysroot/lib -L/home/e91/anaconda3/envs/test_petsc/bin/../x86_64-conda_cos6-linux-gnu/sysroot/usr/lib -rpath /home/e91/anaconda3/envs/test_petsc/lib -O2 --sort-common --as-needed -z relro -z now --disable-new-dtags --gc-sections -rpath /home/e91/anaconda3/envs/test_petsc/lib -rpath-link /home/e91/anaconda3/envs/test_petsc/lib CMakeFiles/cmTC_8bc65.dir/CMakeCXXCompilerABI.cpp.o -lstdc++ -lm -lgcc_s -lgcc -lc -lgcc_s -lgcc /home/e91/anaconda3/envs/test_petsc/bin/../lib/gcc/x86_64-conda_cos6-linux-gnu/7.3.0/crtendS.o /home/e91/anaconda3/envs/test_petsc/bin/../x86_64-conda_cos6-linux-gnu/sysroot/usr/lib/../lib/crtn.o]
    arg [/home/e91/anaconda3/envs/test_petsc/bin/../libexec/gcc/x86_64-conda_cos6-linux-gnu/7.3.0/collect2] ==> ignore
    arg [-plugin] ==> ignore
    arg [/home/e91/anaconda3/envs/test_petsc/bin/../libexec/gcc/x86_64-conda_cos6-linux-gnu/7.3.0/liblto_plugin.so] ==> ignore
    arg [-plugin-opt=/home/e91/anaconda3/envs/test_petsc/bin/../libexec/gcc/x86_64-conda_cos6-linux-gnu/7.3.0/lto-wrapper] ==> ignore
    arg [-plugin-opt=-fresolution=/tmp/cc0FcE64.res] ==> ignore
    arg [-plugin-opt=-pass-through=-lgcc_s] ==> ignore
    arg [-plugin-opt=-pass-through=-lgcc] ==> ignore
    arg [-plugin-opt=-pass-through=-lc] ==> ignore
    arg [-plugin-opt=-pass-through=-lgcc_s] ==> ignore
    arg [-plugin-opt=-pass-through=-lgcc] ==> ignore
    arg [--sysroot=/home/e91/anaconda3/envs/test_petsc/bin/../x86_64-conda_cos6-linux-gnu/sysroot] ==> ignore
    arg [--eh-frame-hdr] ==> ignore
    arg [-m] ==> ignore
    arg [elf_x86_64] ==> ignore
    arg [-dynamic-linker] ==> ignore
    arg [/lib64/ld-linux-x86-64.so.2] ==> ignore
    arg [-pie] ==> ignore
    arg [-o] ==> ignore
    arg [cmTC_8bc65] ==> ignore
    arg [/home/e91/anaconda3/envs/test_petsc/bin/../x86_64-conda_cos6-linux-gnu/sysroot/usr/lib/../lib/Scrt1.o] ==> ignore
    arg [/home/e91/anaconda3/envs/test_petsc/bin/../x86_64-conda_cos6-linux-gnu/sysroot/usr/lib/../lib/crti.o] ==> ignore
    arg [/home/e91/anaconda3/envs/test_petsc/bin/../lib/gcc/x86_64-conda_cos6-linux-gnu/7.3.0/crtbeginS.o] ==> ignore
    arg [-L/home/e91/anaconda3/envs/test_petsc/lib] ==> dir [/home/e91/anaconda3/envs/test_petsc/lib]
    arg [-L/home/e91/anaconda3/envs/test_petsc/bin/../lib/gcc/x86_64-conda_cos6-linux-gnu/7.3.0] ==> dir [/home/e91/anaconda3/envs/test_petsc/bin/../lib/gcc/x86_64-conda_cos6-linux-gnu/7.3.0]
    arg [-L/home/e91/anaconda3/envs/test_petsc/bin/../lib/gcc] ==> dir [/home/e91/anaconda3/envs/test_petsc/bin/../lib/gcc]
    arg [-L/home/e91/anaconda3/envs/test_petsc/bin/../lib/gcc/x86_64-conda_cos6-linux-gnu/7.3.0/../../../../x86_64-conda_cos6-linux-gnu/lib/../lib] ==> dir [/home/e91/anaconda3/envs/test_petsc/bin/../lib/gcc/x86_64-conda_cos6-linux-gnu/7.3.0/../../../../x86_64-conda_cos6-linux-gnu/lib/../lib]
    arg [-L/home/e91/anaconda3/envs/test_petsc/bin/../x86_64-conda_cos6-linux-gnu/sysroot/lib/../lib] ==> dir [/home/e91/anaconda3/envs/test_petsc/bin/../x86_64-conda_cos6-linux-gnu/sysroot/lib/../lib]
    arg [-L/home/e91/anaconda3/envs/test_petsc/bin/../x86_64-conda_cos6-linux-gnu/sysroot/usr/lib/../lib] ==> dir [/home/e91/anaconda3/envs/test_petsc/bin/../x86_64-conda_cos6-linux-gnu/sysroot/usr/lib/../lib]
    arg [-L/home/e91/anaconda3/envs/test_petsc/bin/../lib/gcc/x86_64-conda_cos6-linux-gnu/7.3.0/../../../../x86_64-conda_cos6-linux-gnu/lib] ==> dir [/home/e91/anaconda3/envs/test_petsc/bin/../lib/gcc/x86_64-conda_cos6-linux-gnu/7.3.0/../../../../x86_64-conda_cos6-linux-gnu/lib]
    arg [-L/home/e91/anaconda3/envs/test_petsc/bin/../x86_64-conda_cos6-linux-gnu/sysroot/lib] ==> dir [/home/e91/anaconda3/envs/test_petsc/bin/../x86_64-conda_cos6-linux-gnu/sysroot/lib]
    arg [-L/home/e91/anaconda3/envs/test_petsc/bin/../x86_64-conda_cos6-linux-gnu/sysroot/usr/lib] ==> dir [/home/e91/anaconda3/envs/test_petsc/bin/../x86_64-conda_cos6-linux-gnu/sysroot/usr/lib]
    arg [-rpath] ==> ignore
    arg [/home/e91/anaconda3/envs/test_petsc/lib] ==> ignore
    arg [-O2] ==> ignore
    arg [--sort-common] ==> ignore
    arg [--as-needed] ==> ignore
    arg [-zrelro] ==> ignore
    arg [-znow] ==> ignore
    arg [--disable-new-dtags] ==> ignore
    arg [--gc-sections] ==> ignore
    arg [-rpath] ==> ignore
    arg [/home/e91/anaconda3/envs/test_petsc/lib] ==> ignore
    arg [-rpath-link] ==> ignore
    arg [/home/e91/anaconda3/envs/test_petsc/lib] ==> ignore
    arg [CMakeFiles/cmTC_8bc65.dir/CMakeCXXCompilerABI.cpp.o] ==> ignore
    arg [-lstdc++] ==> lib [stdc++]
    arg [-lm] ==> lib [m]
    arg [-lgcc_s] ==> lib [gcc_s]
    arg [-lgcc] ==> lib [gcc]
    arg [-lc] ==> lib [c]
    arg [-lgcc_s] ==> lib [gcc_s]
    arg [-lgcc] ==> lib [gcc]
    arg [/home/e91/anaconda3/envs/test_petsc/bin/../lib/gcc/x86_64-conda_cos6-linux-gnu/7.3.0/crtendS.o] ==> ignore
    arg [/home/e91/anaconda3/envs/test_petsc/bin/../x86_64-conda_cos6-linux-gnu/sysroot/usr/lib/../lib/crtn.o] ==> ignore
  remove lib [gcc_s]
  remove lib [gcc]
  remove lib [gcc_s]
  remove lib [gcc]
  collapse library dir [/home/e91/anaconda3/envs/test_petsc/lib] ==> [/home/e91/anaconda3/envs/test_petsc/lib]
  collapse library dir [/home/e91/anaconda3/envs/test_petsc/bin/../lib/gcc/x86_64-conda_cos6-linux-gnu/7.3.0] ==> [/home/e91/anaconda3/envs/test_petsc/lib/gcc/x86_64-conda_cos6-linux-gnu/7.3.0]
  collapse library dir [/home/e91/anaconda3/envs/test_petsc/bin/../lib/gcc] ==> [/home/e91/anaconda3/envs/test_petsc/lib/gcc]
  collapse library dir [/home/e91/anaconda3/envs/test_petsc/bin/../lib/gcc/x86_64-conda_cos6-linux-gnu/7.3.0/../../../../x86_64-conda_cos6-linux-gnu/lib/../lib] ==> [/home/e91/anaconda3/envs/test_petsc/x86_64-conda_cos6-linux-gnu/lib]
  collapse library dir [/home/e91/anaconda3/envs/test_petsc/bin/../x86_64-conda_cos6-linux-gnu/sysroot/lib/../lib] ==> [/home/e91/anaconda3/envs/test_petsc/x86_64-conda_cos6-linux-gnu/sysroot/lib]
  collapse library dir [/home/e91/anaconda3/envs/test_petsc/bin/../x86_64-conda_cos6-linux-gnu/sysroot/usr/lib/../lib] ==> [/home/e91/anaconda3/envs/test_petsc/x86_64-conda_cos6-linux-gnu/sysroot/usr/lib]
  collapse library dir [/home/e91/anaconda3/envs/test_petsc/bin/../lib/gcc/x86_64-conda_cos6-linux-gnu/7.3.0/../../../../x86_64-conda_cos6-linux-gnu/lib] ==> [/home/e91/anaconda3/envs/test_petsc/x86_64-conda_cos6-linux-gnu/lib]
  collapse library dir [/home/e91/anaconda3/envs/test_petsc/bin/../x86_64-conda_cos6-linux-gnu/sysroot/lib] ==> [/home/e91/anaconda3/envs/test_petsc/x86_64-conda_cos6-linux-gnu/sysroot/lib]
  collapse library dir [/home/e91/anaconda3/envs/test_petsc/bin/../x86_64-conda_cos6-linux-gnu/sysroot/usr/lib] ==> [/home/e91/anaconda3/envs/test_petsc/x86_64-conda_cos6-linux-gnu/sysroot/usr/lib]
  implicit libs: [stdc++;m;c]
  implicit dirs: [/home/e91/anaconda3/envs/test_petsc/lib;/home/e91/anaconda3/envs/test_petsc/lib/gcc/x86_64-conda_cos6-linux-gnu/7.3.0;/home/e91/anaconda3/envs/test_petsc/lib/gcc;/home/e91/anaconda3/envs/test_petsc/x86_64-conda_cos6-linux-gnu/lib;/home/e91/anaconda3/envs/test_petsc/x86_64-conda_cos6-linux-gnu/sysroot/lib;/home/e91/anaconda3/envs/test_petsc/x86_64-conda_cos6-linux-gnu/sysroot/usr/lib]
  implicit fwks: []




Detecting CXX [-std=c++14] compiler features compiled with the following output:
Change Dir: /home/e91/vcs/PPMICode/build/CMakeFiles/CMakeTmp

Run Build Command:"/usr/bin/make" "cmTC_dfcf1/fast"
/usr/bin/make -f CMakeFiles/cmTC_dfcf1.dir/build.make CMakeFiles/cmTC_dfcf1.dir/build
make[1]: Entering directory '/home/e91/vcs/PPMICode/build/CMakeFiles/CMakeTmp'
Building CXX object CMakeFiles/cmTC_dfcf1.dir/feature_tests.cxx.o
/home/e91/anaconda3/envs/test_petsc/bin/x86_64-conda_cos6-linux-gnu-c++     -fvisibility-inlines-hidden -std=c++17 -fmessage-length=0 -march=nocona -mtune=haswell -ftree-vectorize -fPIC -fstack-protector-strong -fno-plt -O2 -ffunction-sections -pipe -isystem /home/e91/anaconda3/envs/test_petsc/include     -std=c++14 -o CMakeFiles/cmTC_dfcf1.dir/feature_tests.cxx.o -c /home/e91/vcs/PPMICode/build/CMakeFiles/feature_tests.cxx
Linking CXX executable cmTC_dfcf1
/usr/bin/cmake -E cmake_link_script CMakeFiles/cmTC_dfcf1.dir/link.txt --verbose=1
/home/e91/anaconda3/envs/test_petsc/bin/x86_64-conda_cos6-linux-gnu-c++   -fvisibility-inlines-hidden -std=c++17 -fmessage-length=0 -march=nocona -mtune=haswell -ftree-vectorize -fPIC -fstack-protector-strong -fno-plt -O2 -ffunction-sections -pipe -isystem /home/e91/anaconda3/envs/test_petsc/include     -Wl,-O2 -Wl,--sort-common -Wl,--as-needed -Wl,-z,relro -Wl,-z,now -Wl,--disable-new-dtags -Wl,--gc-sections -Wl,-rpath,/home/e91/anaconda3/envs/test_petsc/lib -Wl,-rpath-link,/home/e91/anaconda3/envs/test_petsc/lib -L/home/e91/anaconda3/envs/test_petsc/lib  CMakeFiles/cmTC_dfcf1.dir/feature_tests.cxx.o  -o cmTC_dfcf1 
make[1]: Leaving directory '/home/e91/vcs/PPMICode/build/CMakeFiles/CMakeTmp'


    Feature record: CXX_FEATURE:1cxx_aggregate_default_initializers
    Feature record: CXX_FEATURE:1cxx_alias_templates
    Feature record: CXX_FEATURE:1cxx_alignas
    Feature record: CXX_FEATURE:1cxx_alignof
    Feature record: CXX_FEATURE:1cxx_attributes
    Feature record: CXX_FEATURE:1cxx_attribute_deprecated
    Feature record: CXX_FEATURE:1cxx_auto_type
    Feature record: CXX_FEATURE:1cxx_binary_literals
    Feature record: CXX_FEATURE:1cxx_constexpr
    Feature record: CXX_FEATURE:1cxx_contextual_conversions
    Feature record: CXX_FEATURE:1cxx_decltype
    Feature record: CXX_FEATURE:1cxx_decltype_auto
    Feature record: CXX_FEATURE:1cxx_decltype_incomplete_return_types
    Feature record: CXX_FEATURE:1cxx_default_function_template_args
    Feature record: CXX_FEATURE:1cxx_defaulted_functions
    Feature record: CXX_FEATURE:1cxx_defaulted_move_initializers
    Feature record: CXX_FEATURE:1cxx_delegating_constructors
    Feature record: CXX_FEATURE:1cxx_deleted_functions
    Feature record: CXX_FEATURE:1cxx_digit_separators
    Feature record: CXX_FEATURE:1cxx_enum_forward_declarations
    Feature record: CXX_FEATURE:1cxx_explicit_conversions
    Feature record: CXX_FEATURE:1cxx_extended_friend_declarations
    Feature record: CXX_FEATURE:1cxx_extern_templates
    Feature record: CXX_FEATURE:1cxx_final
    Feature record: CXX_FEATURE:1cxx_func_identifier
    Feature record: CXX_FEATURE:1cxx_generalized_initializers
    Feature record: CXX_FEATURE:1cxx_generic_lambdas
    Feature record: CXX_FEATURE:1cxx_inheriting_constructors
    Feature record: CXX_FEATURE:1cxx_inline_namespaces
    Feature record: CXX_FEATURE:1cxx_lambdas
    Feature record: CXX_FEATURE:1cxx_lambda_init_captures
    Feature record: CXX_FEATURE:1cxx_local_type_template_args
    Feature record: CXX_FEATURE:1cxx_long_long_type
    Feature record: CXX_FEATURE:1cxx_noexcept
    Feature record: CXX_FEATURE:1cxx_nonstatic_member_init
    Feature record: CXX_FEATURE:1cxx_nullptr
    Feature record: CXX_FEATURE:1cxx_override
    Feature record: CXX_FEATURE:1cxx_range_for
    Feature record: CXX_FEATURE:1cxx_raw_string_literals
    Feature record: CXX_FEATURE:1cxx_reference_qualified_functions
    Feature record: CXX_FEATURE:1cxx_relaxed_constexpr
    Feature record: CXX_FEATURE:1cxx_return_type_deduction
    Feature record: CXX_FEATURE:1cxx_right_angle_brackets
    Feature record: CXX_FEATURE:1cxx_rvalue_references
    Feature record: CXX_FEATURE:1cxx_sizeof_member
    Feature record: CXX_FEATURE:1cxx_static_assert
    Feature record: CXX_FEATURE:1cxx_strong_enums
    Feature record: CXX_FEATURE:1cxx_template_template_parameters
    Feature record: CXX_FEATURE:1cxx_thread_local
    Feature record: CXX_FEATURE:1cxx_trailing_return_types
    Feature record: CXX_FEATURE:1cxx_unicode_literals
    Feature record: CXX_FEATURE:1cxx_uniform_initialization
    Feature record: CXX_FEATURE:1cxx_unrestricted_unions
    Feature record: CXX_FEATURE:1cxx_user_literals
    Feature record: CXX_FEATURE:1cxx_variable_templates
    Feature record: CXX_FEATURE:1cxx_variadic_macros
    Feature record: CXX_FEATURE:1cxx_variadic_templates


Detecting CXX [-std=c++11] compiler features compiled with the following output:
Change Dir: /home/e91/vcs/PPMICode/build/CMakeFiles/CMakeTmp

Run Build Command:"/usr/bin/make" "cmTC_aa2fb/fast"
/usr/bin/make -f CMakeFiles/cmTC_aa2fb.dir/build.make CMakeFiles/cmTC_aa2fb.dir/build
make[1]: Entering directory '/home/e91/vcs/PPMICode/build/CMakeFiles/CMakeTmp'
Building CXX object CMakeFiles/cmTC_aa2fb.dir/feature_tests.cxx.o
/home/e91/anaconda3/envs/test_petsc/bin/x86_64-conda_cos6-linux-gnu-c++     -fvisibility-inlines-hidden -std=c++17 -fmessage-length=0 -march=nocona -mtune=haswell -ftree-vectorize -fPIC -fstack-protector-strong -fno-plt -O2 -ffunction-sections -pipe -isystem /home/e91/anaconda3/envs/test_petsc/include     -std=c++11 -o CMakeFiles/cmTC_aa2fb.dir/feature_tests.cxx.o -c /home/e91/vcs/PPMICode/build/CMakeFiles/feature_tests.cxx
Linking CXX executable cmTC_aa2fb
/usr/bin/cmake -E cmake_link_script CMakeFiles/cmTC_aa2fb.dir/link.txt --verbose=1
/home/e91/anaconda3/envs/test_petsc/bin/x86_64-conda_cos6-linux-gnu-c++   -fvisibility-inlines-hidden -std=c++17 -fmessage-length=0 -march=nocona -mtune=haswell -ftree-vectorize -fPIC -fstack-protector-strong -fno-plt -O2 -ffunction-sections -pipe -isystem /home/e91/anaconda3/envs/test_petsc/include     -Wl,-O2 -Wl,--sort-common -Wl,--as-needed -Wl,-z,relro -Wl,-z,now -Wl,--disable-new-dtags -Wl,--gc-sections -Wl,-rpath,/home/e91/anaconda3/envs/test_petsc/lib -Wl,-rpath-link,/home/e91/anaconda3/envs/test_petsc/lib -L/home/e91/anaconda3/envs/test_petsc/lib  CMakeFiles/cmTC_aa2fb.dir/feature_tests.cxx.o  -o cmTC_aa2fb 
make[1]: Leaving directory '/home/e91/vcs/PPMICode/build/CMakeFiles/CMakeTmp'


    Feature record: CXX_FEATURE:0cxx_aggregate_default_initializers
    Feature record: CXX_FEATURE:1cxx_alias_templates
    Feature record: CXX_FEATURE:1cxx_alignas
    Feature record: CXX_FEATURE:1cxx_alignof
    Feature record: CXX_FEATURE:1cxx_attributes
    Feature record: CXX_FEATURE:0cxx_attribute_deprecated
    Feature record: CXX_FEATURE:1cxx_auto_type
    Feature record: CXX_FEATURE:0cxx_binary_literals
    Feature record: CXX_FEATURE:1cxx_constexpr
    Feature record: CXX_FEATURE:0cxx_contextual_conversions
    Feature record: CXX_FEATURE:1cxx_decltype
    Feature record: CXX_FEATURE:0cxx_decltype_auto
    Feature record: CXX_FEATURE:1cxx_decltype_incomplete_return_types
    Feature record: CXX_FEATURE:1cxx_default_function_template_args
    Feature record: CXX_FEATURE:1cxx_defaulted_functions
    Feature record: CXX_FEATURE:1cxx_defaulted_move_initializers
    Feature record: CXX_FEATURE:1cxx_delegating_constructors
    Feature record: CXX_FEATURE:1cxx_deleted_functions
    Feature record: CXX_FEATURE:0cxx_digit_separators
    Feature record: CXX_FEATURE:1cxx_enum_forward_declarations
    Feature record: CXX_FEATURE:1cxx_explicit_conversions
    Feature record: CXX_FEATURE:1cxx_extended_friend_declarations
    Feature record: CXX_FEATURE:1cxx_extern_templates
    Feature record: CXX_FEATURE:1cxx_final
    Feature record: CXX_FEATURE:1cxx_func_identifier
    Feature record: CXX_FEATURE:1cxx_generalized_initializers
    Feature record: CXX_FEATURE:0cxx_generic_lambdas
    Feature record: CXX_FEATURE:1cxx_inheriting_constructors
    Feature record: CXX_FEATURE:1cxx_inline_namespaces
    Feature record: CXX_FEATURE:1cxx_lambdas
    Feature record: CXX_FEATURE:0cxx_lambda_init_captures
    Feature record: CXX_FEATURE:1cxx_local_type_template_args
    Feature record: CXX_FEATURE:1cxx_long_long_type
    Feature record: CXX_FEATURE:1cxx_noexcept
    Feature record: CXX_FEATURE:1cxx_nonstatic_member_init
    Feature record: CXX_FEATURE:1cxx_nullptr
    Feature record: CXX_FEATURE:1cxx_override
    Feature record: CXX_FEATURE:1cxx_range_for
    Feature record: CXX_FEATURE:1cxx_raw_string_literals
    Feature record: CXX_FEATURE:1cxx_reference_qualified_functions
    Feature record: CXX_FEATURE:0cxx_relaxed_constexpr
    Feature record: CXX_FEATURE:0cxx_return_type_deduction
    Feature record: CXX_FEATURE:1cxx_right_angle_brackets
    Feature record: CXX_FEATURE:1cxx_rvalue_references
    Feature record: CXX_FEATURE:1cxx_sizeof_member
    Feature record: CXX_FEATURE:1cxx_static_assert
    Feature record: CXX_FEATURE:1cxx_strong_enums
    Feature record: CXX_FEATURE:1cxx_template_template_parameters
    Feature record: CXX_FEATURE:1cxx_thread_local
    Feature record: CXX_FEATURE:1cxx_trailing_return_types
    Feature record: CXX_FEATURE:1cxx_unicode_literals
    Feature record: CXX_FEATURE:1cxx_uniform_initialization
    Feature record: CXX_FEATURE:1cxx_unrestricted_unions
    Feature record: CXX_FEATURE:1cxx_user_literals
    Feature record: CXX_FEATURE:0cxx_variable_templates
    Feature record: CXX_FEATURE:1cxx_variadic_macros
    Feature record: CXX_FEATURE:1cxx_variadic_templates


Detecting CXX [-std=c++98] compiler features compiled with the following output:
Change Dir: /home/e91/vcs/PPMICode/build/CMakeFiles/CMakeTmp

Run Build Command:"/usr/bin/make" "cmTC_0810c/fast"
/usr/bin/make -f CMakeFiles/cmTC_0810c.dir/build.make CMakeFiles/cmTC_0810c.dir/build
make[1]: Entering directory '/home/e91/vcs/PPMICode/build/CMakeFiles/CMakeTmp'
Building CXX object CMakeFiles/cmTC_0810c.dir/feature_tests.cxx.o
/home/e91/anaconda3/envs/test_petsc/bin/x86_64-conda_cos6-linux-gnu-c++     -fvisibility-inlines-hidden -std=c++17 -fmessage-length=0 -march=nocona -mtune=haswell -ftree-vectorize -fPIC -fstack-protector-strong -fno-plt -O2 -ffunction-sections -pipe -isystem /home/e91/anaconda3/envs/test_petsc/include     -std=c++98 -o CMakeFiles/cmTC_0810c.dir/feature_tests.cxx.o -c /home/e91/vcs/PPMICode/build/CMakeFiles/feature_tests.cxx
Linking CXX executable cmTC_0810c
/usr/bin/cmake -E cmake_link_script CMakeFiles/cmTC_0810c.dir/link.txt --verbose=1
/home/e91/anaconda3/envs/test_petsc/bin/x86_64-conda_cos6-linux-gnu-c++   -fvisibility-inlines-hidden -std=c++17 -fmessage-length=0 -march=nocona -mtune=haswell -ftree-vectorize -fPIC -fstack-protector-strong -fno-plt -O2 -ffunction-sections -pipe -isystem /home/e91/anaconda3/envs/test_petsc/include     -Wl,-O2 -Wl,--sort-common -Wl,--as-needed -Wl,-z,relro -Wl,-z,now -Wl,--disable-new-dtags -Wl,--gc-sections -Wl,-rpath,/home/e91/anaconda3/envs/test_petsc/lib -Wl,-rpath-link,/home/e91/anaconda3/envs/test_petsc/lib -L/home/e91/anaconda3/envs/test_petsc/lib  CMakeFiles/cmTC_0810c.dir/feature_tests.cxx.o  -o cmTC_0810c 
make[1]: Leaving directory '/home/e91/vcs/PPMICode/build/CMakeFiles/CMakeTmp'


    Feature record: CXX_FEATURE:0cxx_aggregate_default_initializers
    Feature record: CXX_FEATURE:0cxx_alias_templates
    Feature record: CXX_FEATURE:0cxx_alignas
    Feature record: CXX_FEATURE:0cxx_alignof
    Feature record: CXX_FEATURE:0cxx_attributes
    Feature record: CXX_FEATURE:0cxx_attribute_deprecated
    Feature record: CXX_FEATURE:0cxx_auto_type
    Feature record: CXX_FEATURE:0cxx_binary_literals
    Feature record: CXX_FEATURE:0cxx_constexpr
    Feature record: CXX_FEATURE:0cxx_contextual_conversions
    Feature record: CXX_FEATURE:0cxx_decltype
    Feature record: CXX_FEATURE:0cxx_decltype_auto
    Feature record: CXX_FEATURE:0cxx_decltype_incomplete_return_types
    Feature record: CXX_FEATURE:0cxx_default_function_template_args
    Feature record: CXX_FEATURE:0cxx_defaulted_functions
    Feature record: CXX_FEATURE:0cxx_defaulted_move_initializers
    Feature record: CXX_FEATURE:0cxx_delegating_constructors
    Feature record: CXX_FEATURE:0cxx_deleted_functions
    Feature record: CXX_FEATURE:0cxx_digit_separators
    Feature record: CXX_FEATURE:0cxx_enum_forward_declarations
    Feature record: CXX_FEATURE:0cxx_explicit_conversions
    Feature record: CXX_FEATURE:0cxx_extended_friend_declarations
    Feature record: CXX_FEATURE:0cxx_extern_templates
    Feature record: CXX_FEATURE:0cxx_final
    Feature record: CXX_FEATURE:0cxx_func_identifier
    Feature record: CXX_FEATURE:0cxx_generalized_initializers
    Feature record: CXX_FEATURE:0cxx_generic_lambdas
    Feature record: CXX_FEATURE:0cxx_inheriting_constructors
    Feature record: CXX_FEATURE:0cxx_inline_namespaces
    Feature record: CXX_FEATURE:0cxx_lambdas
    Feature record: CXX_FEATURE:0cxx_lambda_init_captures
    Feature record: CXX_FEATURE:0cxx_local_type_template_args
    Feature record: CXX_FEATURE:0cxx_long_long_type
    Feature record: CXX_FEATURE:0cxx_noexcept
    Feature record: CXX_FEATURE:0cxx_nonstatic_member_init
    Feature record: CXX_FEATURE:0cxx_nullptr
    Feature record: CXX_FEATURE:0cxx_override
    Feature record: CXX_FEATURE:0cxx_range_for
    Feature record: CXX_FEATURE:0cxx_raw_string_literals
    Feature record: CXX_FEATURE:0cxx_reference_qualified_functions
    Feature record: CXX_FEATURE:0cxx_relaxed_constexpr
    Feature record: CXX_FEATURE:0cxx_return_type_deduction
    Feature record: CXX_FEATURE:0cxx_right_angle_brackets
    Feature record: CXX_FEATURE:0cxx_rvalue_references
    Feature record: CXX_FEATURE:0cxx_sizeof_member
    Feature record: CXX_FEATURE:0cxx_static_assert
    Feature record: CXX_FEATURE:0cxx_strong_enums
    Feature record: CXX_FEATURE:1cxx_template_template_parameters
    Feature record: CXX_FEATURE:0cxx_thread_local
    Feature record: CXX_FEATURE:0cxx_trailing_return_types
    Feature record: CXX_FEATURE:0cxx_unicode_literals
    Feature record: CXX_FEATURE:0cxx_uniform_initialization
    Feature record: CXX_FEATURE:0cxx_unrestricted_unions
    Feature record: CXX_FEATURE:0cxx_user_literals
    Feature record: CXX_FEATURE:0cxx_variable_templates
    Feature record: CXX_FEATURE:0cxx_variadic_macros
    Feature record: CXX_FEATURE:0cxx_variadic_templates
Determining if the include file pthread.h exists passed with the following output:
Change Dir: /home/e91/vcs/PPMICode/build/CMakeFiles/CMakeTmp

Run Build Command:"/usr/bin/make" "cmTC_2f2d6/fast"
/usr/bin/make -f CMakeFiles/cmTC_2f2d6.dir/build.make CMakeFiles/cmTC_2f2d6.dir/build
make[1]: Entering directory '/home/e91/vcs/PPMICode/build/CMakeFiles/CMakeTmp'
Building C object CMakeFiles/cmTC_2f2d6.dir/CheckIncludeFile.c.o
/home/e91/anaconda3/envs/test_petsc/bin/x86_64-conda_cos6-linux-gnu-cc    -march=nocona -mtune=haswell -ftree-vectorize -fPIC -fstack-protector-strong -fno-plt -O2 -ffunction-sections -pipe -isystem /home/e91/anaconda3/envs/test_petsc/include   -D_GLIBCXX_USE_CXX11_ABI=1     -o CMakeFiles/cmTC_2f2d6.dir/CheckIncludeFile.c.o   -c /home/e91/vcs/PPMICode/build/CMakeFiles/CMakeTmp/CheckIncludeFile.c
Linking C executable cmTC_2f2d6
/usr/bin/cmake -E cmake_link_script CMakeFiles/cmTC_2f2d6.dir/link.txt --verbose=1
/home/e91/anaconda3/envs/test_petsc/bin/x86_64-conda_cos6-linux-gnu-cc  -march=nocona -mtune=haswell -ftree-vectorize -fPIC -fstack-protector-strong -fno-plt -O2 -ffunction-sections -pipe -isystem /home/e91/anaconda3/envs/test_petsc/include   -D_GLIBCXX_USE_CXX11_ABI=1     -Wl,-O2 -Wl,--sort-common -Wl,--as-needed -Wl,-z,relro -Wl,-z,now -Wl,--disable-new-dtags -Wl,--gc-sections -Wl,-rpath,/home/e91/anaconda3/envs/test_petsc/lib -Wl,-rpath-link,/home/e91/anaconda3/envs/test_petsc/lib -L/home/e91/anaconda3/envs/test_petsc/lib   CMakeFiles/cmTC_2f2d6.dir/CheckIncludeFile.c.o  -o cmTC_2f2d6 
make[1]: Leaving directory '/home/e91/vcs/PPMICode/build/CMakeFiles/CMakeTmp'


Determining if the function pthread_create exists in the pthread passed with the following output:
Change Dir: /home/e91/vcs/PPMICode/build/CMakeFiles/CMakeTmp

Run Build Command:"/usr/bin/make" "cmTC_4a35a/fast"
/usr/bin/make -f CMakeFiles/cmTC_4a35a.dir/build.make CMakeFiles/cmTC_4a35a.dir/build
make[1]: Entering directory '/home/e91/vcs/PPMICode/build/CMakeFiles/CMakeTmp'
Building C object CMakeFiles/cmTC_4a35a.dir/CheckFunctionExists.c.o
/home/e91/anaconda3/envs/test_petsc/bin/x86_64-conda_cos6-linux-gnu-cc    -march=nocona -mtune=haswell -ftree-vectorize -fPIC -fstack-protector-strong -fno-plt -O2 -ffunction-sections -pipe -isystem /home/e91/anaconda3/envs/test_petsc/include   -D_GLIBCXX_USE_CXX11_ABI=1  -DCHECK_FUNCTION_EXISTS=pthread_create   -o CMakeFiles/cmTC_4a35a.dir/CheckFunctionExists.c.o   -c /usr/share/cmake-3.5/Modules/CheckFunctionExists.c
Linking C executable cmTC_4a35a
/usr/bin/cmake -E cmake_link_script CMakeFiles/cmTC_4a35a.dir/link.txt --verbose=1
/home/e91/anaconda3/envs/test_petsc/bin/x86_64-conda_cos6-linux-gnu-cc  -march=nocona -mtune=haswell -ftree-vectorize -fPIC -fstack-protector-strong -fno-plt -O2 -ffunction-sections -pipe -isystem /home/e91/anaconda3/envs/test_petsc/include   -D_GLIBCXX_USE_CXX11_ABI=1  -DCHECK_FUNCTION_EXISTS=pthread_create   -Wl,-O2 -Wl,--sort-common -Wl,--as-needed -Wl,-z,relro -Wl,-z,now -Wl,--disable-new-dtags -Wl,--gc-sections -Wl,-rpath,/home/e91/anaconda3/envs/test_petsc/lib -Wl,-rpath-link,/home/e91/anaconda3/envs/test_petsc/lib -L/home/e91/anaconda3/envs/test_petsc/lib   CMakeFiles/cmTC_4a35a.dir/CheckFunctionExists.c.o  -o cmTC_4a35a -lpthread 
make[1]: Leaving directory '/home/e91/vcs/PPMICode/build/CMakeFiles/CMakeTmp'


